<?xml version="1.0" encoding="UTF-8"?>
<testsuite xmlns:xsi="http://www.w3.org/2001/XMLSchema-instance" xsi:noNamespaceSchemaLocation="https://maven.apache.org/surefire/maven-surefire-plugin/xsd/surefire-test-report-3.0.xsd" version="3.0" name="EmployeeTest" time="0.477" tests="13" errors="0" skipped="0" failures="0">
  <properties>
[...]
</properties>
  <testcase name="testProfession" classname="EmployeeTest" time="0.201"/>
  <testcase name="testConstructorInvalidId" classname="EmployeeTest" time="0.01"/>
  <testcase name="testConstructorInvalidName" classname="EmployeeTest" time="0.008"/>
  <testcase name="testAddress" classname="EmployeeTest" time="0.006"/>
  <testcase name="testAge" classname="EmployeeTest" time="0.006"/>
  <testcase name="testName" classname="EmployeeTest" time="0.003"/>
  <testcase name="testToString" classname="EmployeeTest" time="0.078"/>
  <testcase name="testId" classname="EmployeeTest" time="0.002"/>
  <testcase name="testConstructorInvalidAddress" classname="EmployeeTest" time="0.004"/>
  <testcase name="testConstructorInvalidAge" classname="EmployeeTest" time="0.005"/>
  <testcase name="testConstructorInvalidSalary" classname="EmployeeTest" time="0.003"/>
  <testcase name="testConstructorInvalidProfession" classname="EmployeeTest" time="0.003"/>
  <testcase name="testSalary" classname="EmployeeTest" time="0.003"/>
</testsuite>